# JRE version: Java(TM) SE Runtime Environment (8.0_73-b02) (build 1.8.0_73-b02)
# Java VM: Java HotSpot(TM) 64-Bit Server VM (25.73-b02 mixed mode bsd-amd64 compressed oops)
Heap:
 PSYoungGen      total 445952K, used 89036K [0x000000076ab00000, 0x000000078af00000, 0x00000007c0000000)
  eden space 430080K, 17% used [0x000000076ab00000,0x000000076f2eda80,0x0000000784f00000)
  from space 15872K, 96% used [0x0000000789f80000,0x000000078ae857e0,0x000000078af00000)
  to   space 19968K, 0% used [0x0000000788800000,0x0000000788800000,0x0000000789b80000)
 ParOldGen       total 207872K, used 110440K [0x00000006c0000000, 0x00000006ccb00000, 0x000000076ab00000)
  object space 207872K, 53% used [0x00000006c0000000,0x00000006c6bda058,0x00000006ccb00000)
 Metaspace       used 50755K, capacity 52486K, committed 52608K, reserved 1093632K
  class space    used 7109K, capacity 7452K, committed 7552K, reserved 1048576K
GC Heap History (10 events):
Event: 8.029 GC heap before
{Heap before GC invocations=6 (full 0):
 PSYoungGen      total 141824K, used 135796K [0x000000076ab00000, 0x000000077cc00000, 0x00000007c0000000)
  eden space 131072K, 99% used [0x000000076ab00000,0x00000007729f7050,0x0000000772b00000)
  from space 10752K, 53% used [0x0000000772b00000,0x00000007730a6050,0x0000000773580000)
  to   space 16896K, 0% used [0x000000077bb80000,0x000000077bb80000,0x000000077cc00000)
 ParOldGen       total 175104K, used 65793K [0x00000006c0000000, 0x00000006cab00000, 0x000000076ab00000)
  object space 175104K, 37% used [0x00000006c0000000,0x00000006c40406d0,0x00000006cab00000)
 Metaspace       used 20450K, capacity 21194K, committed 21296K, reserved 1067008K
  class space    used 2821K, capacity 3016K, committed 3072K, reserved 1048576K
Event: 8.065 GC heap after
Heap after GC invocations=6 (full 0):
 PSYoungGen      total 278016K, used 6432K [0x000000076ab00000, 0x000000077cb00000, 0x00000007c0000000)
  eden space 262144K, 0% used [0x000000076ab00000,0x000000076ab00000,0x000000077ab00000)
  from space 15872K, 40% used [0x000000077bb80000,0x000000077c1c8050,0x000000077cb00000)
  to   space 16384K, 0% used [0x000000077ab00000,0x000000077ab00000,0x000000077bb00000)
 ParOldGen       total 175104K, used 109410K [0x00000006c0000000, 0x00000006cab00000, 0x000000076ab00000)
  object space 175104K, 62% used [0x00000006c0000000,0x00000006c6ad8930,0x00000006cab00000)
 Metaspace       used 20450K, capacity 21194K, committed 21296K, reserved 1067008K
  class space    used 2821K, capacity 3016K, committed 3072K, reserved 1048576K
}
Event: 8.065 GC heap before
{Heap before GC invocations=7 (full 1):
 PSYoungGen      total 278016K, used 6432K [0x000000076ab00000, 0x000000077cb00000, 0x00000007c0000000)
  eden space 262144K, 0% used [0x000000076ab00000,0x000000076ab00000,0x000000077ab00000)
  from space 15872K, 40% used [0x000000077bb80000,0x000000077c1c8050,0x000000077cb00000)
  to   space 16384K, 0% used [0x000000077ab00000,0x000000077ab00000,0x000000077bb00000)
 ParOldGen       total 175104K, used 109410K [0x00000006c0000000, 0x00000006cab00000, 0x000000076ab00000)
  object space 175104K, 62% used [0x00000006c0000000,0x00000006c6ad8930,0x00000006cab00000)
 Metaspace       used 20450K, capacity 21194K, committed 21296K, reserved 1067008K
  class space    used 2821K, capacity 3016K, committed 3072K, reserved 1048576K
Event: 8.109 GC heap after
Heap after GC invocations=7 (full 1):
 PSYoungGen      total 278016K, used 0K [0x000000076ab00000, 0x000000077cb00000, 0x00000007c0000000)
  eden space 262144K, 0% used [0x000000076ab00000,0x000000076ab00000,0x000000077ab00000)
  from space 15872K, 0% used [0x000000077bb80000,0x000000077bb80000,0x000000077cb00000)
  to   space 16384K, 0% used [0x000000077ab00000,0x000000077ab00000,0x000000077bb00000)
 ParOldGen       total 173568K, used 52960K [0x00000006c0000000, 0x00000006ca980000, 0x000000076ab00000)
  object space 173568K, 30% used [0x00000006c0000000,0x00000006c33b8120,0x00000006ca980000)
 Metaspace       used 20450K, capacity 21194K, committed 21296K, reserved 1067008K
  class space    used 2821K, capacity 3016K, committed 3072K, reserved 1048576K
}
Event: 11.135 GC heap before
{Heap before GC invocations=8 (full 1):
 PSYoungGen      total 278016K, used 226610K [0x000000076ab00000, 0x000000077cb00000, 0x00000007c0000000)
  eden space 262144K, 86% used [0x000000076ab00000,0x000000077884c828,0x000000077ab00000)
  from space 15872K, 0% used [0x000000077bb80000,0x000000077bb80000,0x000000077cb00000)
  to   space 16384K, 0% used [0x000000077ab00000,0x000000077ab00000,0x000000077bb00000)
 ParOldGen       total 173568K, used 52960K [0x00000006c0000000, 0x00000006ca980000, 0x000000076ab00000)
  object space 173568K, 30% used [0x00000006c0000000,0x00000006c33b8120,0x00000006ca980000)
 Metaspace       used 34287K, capacity 35256K, committed 35496K, reserved 1079296K
  class space    used 4808K, capacity 5049K, committed 5120K, reserved 1048576K
Event: 11.152 GC heap after
Heap after GC invocations=8 (full 1):
 PSYoungGen      total 278528K, used 14883K [0x000000076ab00000, 0x000000078b180000, 0x00000007c0000000)
  eden space 262144K, 0% used [0x000000076ab00000,0x000000076ab00000,0x000000077ab00000)
  from space 16384K, 90% used [0x000000077ab00000,0x000000077b988c48,0x000000077bb00000)
  to   space 18432K, 0% used [0x0000000789f80000,0x0000000789f80000,0x000000078b180000)
 ParOldGen       total 173568K, used 53032K [0x00000006c0000000, 0x00000006ca980000, 0x000000076ab00000)
  object space 173568K, 30% used [0x00000006c0000000,0x00000006c33ca130,0x00000006ca980000)
 Metaspace       used 34287K, capacity 35256K, committed 35496K, reserved 1079296K
  class space    used 4808K, capacity 5049K, committed 5120K, reserved 1048576K
}
Event: 11.153 GC heap before
{Heap before GC invocations=9 (full 2):
 PSYoungGen      total 278528K, used 14883K [0x000000076ab00000, 0x000000078b180000, 0x00000007c0000000)
  eden space 262144K, 0% used [0x000000076ab00000,0x000000076ab00000,0x000000077ab00000)
  from space 16384K, 90% used [0x000000077ab00000,0x000000077b988c48,0x000000077bb00000)
  to   space 18432K, 0% used [0x0000000789f80000,0x0000000789f80000,0x000000078b180000)
 ParOldGen       total 173568K, used 53032K [0x00000006c0000000, 0x00000006ca980000, 0x000000076ab00000)
  object space 173568K, 30% used [0x00000006c0000000,0x00000006c33ca130,0x00000006ca980000)
 Metaspace       used 34287K, capacity 35256K, committed 35496K, reserved 1079296K
  class space    used 4808K, capacity 5049K, committed 5120K, reserved 1048576K
Event: 11.250 GC heap after
Heap after GC invocations=9 (full 2):
 PSYoungGen      total 278528K, used 0K [0x000000076ab00000, 0x000000078b180000, 0x00000007c0000000)
  eden space 262144K, 0% used [0x000000076ab00000,0x000000076ab00000,0x000000077ab00000)
  from space 16384K, 0% used [0x000000077ab00000,0x000000077ab00000,0x000000077bb00000)
  to   space 18432K, 0% used [0x0000000789f80000,0x0000000789f80000,0x000000078b180000)
 ParOldGen       total 207872K, used 66844K [0x00000006c0000000, 0x00000006ccb00000, 0x000000076ab00000)
  object space 207872K, 32% used [0x00000006c0000000,0x00000006c41470b0,0x00000006ccb00000)
 Metaspace       used 34287K, capacity 35256K, committed 35496K, reserved 1079296K
  class space    used 4808K, capacity 5049K, committed 5120K, reserved 1048576K
}
Event: 16.776 GC heap before
{Heap before GC invocations=10 (full 2):
 PSYoungGen      total 278528K, used 262144K [0x000000076ab00000, 0x000000078b180000, 0x00000007c0000000)
  eden space 262144K, 100% used [0x000000076ab00000,0x000000077ab00000,0x000000077ab00000)
  from space 16384K, 0% used [0x000000077ab00000,0x000000077ab00000,0x000000077bb00000)
  to   space 18432K, 0% used [0x0000000789f80000,0x0000000789f80000,0x000000078b180000)
 ParOldGen       total 207872K, used 110432K [0x00000006c0000000, 0x00000006ccb00000, 0x000000076ab00000)
  object space 207872K, 53% used [0x00000006c0000000,0x00000006c6bd8058,0x00000006ccb00000)
 Metaspace       used 49475K, capacity 50982K, committed 51072K, reserved 1093632K
  class space    used 6950K, capacity 7234K, committed 7296K, reserved 1048576K
Event: 16.805 GC heap after
Heap after GC invocations=10 (full 2):
 PSYoungGen      total 445952K, used 15381K [0x000000076ab00000, 0x000000078af00000, 0x00000007c0000000)
  eden space 430080K, 0% used [0x000000076ab00000,0x000000076ab00000,0x0000000784f00000)
  from space 15872K, 96% used [0x0000000789f80000,0x000000078ae857e0,0x000000078af00000)
  to   space 19968K, 0% used [0x0000000788800000,0x0000000788800000,0x0000000789b80000)
 ParOldGen       total 207872K, used 110440K [0x00000006c0000000, 0x00000006ccb00000, 0x000000076ab00000)
  object space 207872K, 53% used [0x00000006c0000000,0x00000006c6bda058,0x00000006ccb00000)
 Metaspace       used 49475K, capacity 50982K, committed 51072K, reserved 1093632K
  class space    used 6950K, capacity 7234K, committed 7296K, reserved 1048576K
}

